<?xml version="1.0" encoding="UTF-8"?>
<!-- Generated by org.testng.reporters.JUnitXMLReporter -->
<testsuite ignored="0" hostname="AnandRaj" failures="0" tests="8" name="Test" time="0.051" errors="0" timestamp="07 Sep 2022 05:07:26 GMT">
  <testcase classname="org.test.Company" name="tc11" time="0.008"/>
  <testcase classname="org.test.Emp" name="tc1" time="0.008"/>
  <testcase classname="org.test.Emp" name="tc2" time="0.002"/>
  <testcase classname="org.test.Company" name="tc22" time="0.002"/>
  <testcase classname="org.test.Emp" name="tc3" time="0.001"/>
  <testcase classname="org.test.Company" name="tc33" time="0.001"/>
  <testcase classname="org.test.Emp" name="tc4" time="0.002"/>
  <testcase classname="org.test.Company" name="tc44" time="0.001"/>
</testsuite> <!-- Test -->
