<?xml version="1.0" encoding="UTF-8"?>
<testng-results ignored="0" total="3" passed="3" failed="0" skipped="0">
  <reporter-output>
  </reporter-output>
  <suite started-at="2022-09-07T06:59:41Z" name="Suite" finished-at="2022-09-07T07:02:37Z" duration-ms="175582">
    <groups>
    </groups>
    <test started-at="2022-09-07T06:59:41Z" name="Test 2" finished-at="2022-09-07T07:00:06Z" duration-ms="25130">
      <class name="org.test.BrowserLaunch">
        <test-method signature="tc1(java.lang.String)[pri:0, instance:org.test.BrowserLaunch@6e005dc9]" started-at="2022-09-07T06:59:41Z" name="tc1" finished-at="2022-09-07T07:00:06Z" duration-ms="25105" status="PASS">
          <params>
            <param index="0">
              <value>
                <![CDATA[ff]]>
              </value>
            </param>
          </params>
          <reporter-output>
          </reporter-output>
        </test-method> <!-- tc1 -->
      </class> <!-- org.test.BrowserLaunch -->
    </test> <!-- Test 2 -->
    <test started-at="2022-09-07T06:59:41Z" name="Test 1" finished-at="2022-09-07T07:00:59Z" duration-ms="77753">
      <class name="org.test.BrowserLaunch">
        <test-method signature="tc1(java.lang.String)[pri:0, instance:org.test.BrowserLaunch@75d2da2d]" started-at="2022-09-07T06:59:41Z" name="tc1" finished-at="2022-09-07T07:00:59Z" duration-ms="77735" status="PASS">
          <params>
            <param index="0">
              <value>
                <![CDATA[chrome]]>
              </value>
            </param>
          </params>
          <reporter-output>
          </reporter-output>
        </test-method> <!-- tc1 -->
      </class> <!-- org.test.BrowserLaunch -->
    </test> <!-- Test 1 -->
    <test started-at="2022-09-07T06:59:41Z" name="Test 3" finished-at="2022-09-07T07:02:37Z" duration-ms="175582">
      <class name="org.test.BrowserLaunch">
        <test-method signature="tc1(java.lang.String)[pri:0, instance:org.test.BrowserLaunch@609db546]" started-at="2022-09-07T06:59:41Z" name="tc1" finished-at="2022-09-07T07:02:37Z" duration-ms="175531" status="PASS">
          <params>
            <param index="0">
              <value>
                <![CDATA[edge]]>
              </value>
            </param>
          </params>
          <reporter-output>
          </reporter-output>
        </test-method> <!-- tc1 -->
      </class> <!-- org.test.BrowserLaunch -->
    </test> <!-- Test 3 -->
  </suite> <!-- Suite -->
</testng-results>
